0 info it worked if it ends with ok
1 verbose cli [ 'C:\\Program Files\\nodejs\\node.exe',
1 verbose cli   'C:\\Program Files\\nodejs\\node_modules\\npm\\bin\\npm-cli.js',
1 verbose cli   'run',
1 verbose cli   'test-e2e' ]
2 info using npm@3.10.10
3 info using node@v6.10.0
4 verbose run-script [ 'pretest-e2e', 'test-e2e', 'posttest-e2e' ]
5 info lifecycle Events@1.0.0~pretest-e2e: Events@1.0.0
6 silly lifecycle Events@1.0.0~pretest-e2e: no script for pretest-e2e, continuing
7 info lifecycle Events@1.0.0~test-e2e: Events@1.0.0
8 verbose lifecycle Events@1.0.0~test-e2e: unsafe-perm in lifecycle true
9 verbose lifecycle Events@1.0.0~test-e2e: PATH: C:\Program Files\nodejs\node_modules\npm\bin\node-gyp-bin;C:\Users\iyke\projects\react\Udemy-redux-starter\node_modules\.bin;C:\ProgramData\Oracle\Java\javapath;C:\Python27\;C:\Python27\Scripts;C:\WINDOWS\system32;C:\WINDOWS;C:\WINDOWS\System32\Wbem;C:\WINDOWS\System32\WindowsPowerShell\v1.0\;C:\Program Files\nodejs\;C:\Program Files\MongoDB\Server\3.4\bin;C:\Program Files\PostgreSQL\9.6\bin;C:\Program Files\PostgreSQL\9.6\lib;C:\Program Files\Git\cmd;C:\Users\iyke\AppData\Roaming\npm;C:\Users\iyke\AppData\Local\.meteor\;C:\Users\iyke\AppData\Local\Microsoft\WindowsApps;C:\Program Files\MongoDB\Server\3.4;C:\Program Files\Microsoft VS Code\bin;C:\Program Files\Heroku\bin;
10 verbose lifecycle Events@1.0.0~test-e2e: CWD: C:\Users\iyke\projects\react\Udemy-redux-starter
11 silly lifecycle Events@1.0.0~test-e2e: Args: [ '/d /s /c', 'nightwatch' ]
12 silly lifecycle Events@1.0.0~test-e2e: Returned: code: 1  signal: null
13 info lifecycle Events@1.0.0~test-e2e: Failed to exec test-e2e script
14 verbose stack Error: Events@1.0.0 test-e2e: `nightwatch`
14 verbose stack Exit status 1
14 verbose stack     at EventEmitter.<anonymous> (C:\Program Files\nodejs\node_modules\npm\lib\utils\lifecycle.js:255:16)
14 verbose stack     at emitTwo (events.js:106:13)
14 verbose stack     at EventEmitter.emit (events.js:191:7)
14 verbose stack     at ChildProcess.<anonymous> (C:\Program Files\nodejs\node_modules\npm\lib\utils\spawn.js:40:14)
14 verbose stack     at emitTwo (events.js:106:13)
14 verbose stack     at ChildProcess.emit (events.js:191:7)
14 verbose stack     at maybeClose (internal/child_process.js:877:16)
14 verbose stack     at Process.ChildProcess._handle.onexit (internal/child_process.js:226:5)
15 verbose pkgid Events@1.0.0
16 verbose cwd C:\Users\iyke\projects\react\Udemy-redux-starter
17 error Windows_NT 10.0.15063
18 error argv "C:\\Program Files\\nodejs\\node.exe" "C:\\Program Files\\nodejs\\node_modules\\npm\\bin\\npm-cli.js" "run" "test-e2e"
19 error node v6.10.0
20 error npm  v3.10.10
21 error code ELIFECYCLE
22 error Events@1.0.0 test-e2e: `nightwatch`
22 error Exit status 1
23 error Failed at the Events@1.0.0 test-e2e script 'nightwatch'.
23 error Make sure you have the latest version of node.js and npm installed.
23 error If you do, this is most likely a problem with the Events package,
23 error not with npm itself.
23 error Tell the author that this fails on your system:
23 error     nightwatch
23 error You can get information on how to open an issue for this project with:
23 error     npm bugs Events
23 error Or if that isn't available, you can get their info via:
23 error     npm owner ls Events
23 error There is likely additional logging output above.
24 verbose exit [ 1, true ]
